[debug] [2024-08-20T16:45:43.233Z] ----------------------------------------------------------------------
[debug] [2024-08-20T16:45:43.237Z] Command:       C:\Program Files\nodejs\node.exe C:\Users\1030\AppData\Roaming\npm\node_modules\firebase-tools\lib\bin\firebase.js emulators:start
[debug] [2024-08-20T16:45:43.239Z] CLI Version:   12.6.2
[debug] [2024-08-20T16:45:43.240Z] Platform:      win32
[debug] [2024-08-20T16:45:43.241Z] Node Version:  v18.17.1
[debug] [2024-08-20T16:45:43.243Z] Time:          Tue Aug 20 2024 17:45:43 GMT+0100 (West Africa Standard Time)
[debug] [2024-08-20T16:45:43.243Z] ----------------------------------------------------------------------
[debug] 
[debug] [2024-08-20T16:45:43.602Z] > command requires scopes: ["email","openid","https://www.googleapis.com/auth/cloudplatformprojects.readonly","https://www.googleapis.com/auth/firebase","https://www.googleapis.com/auth/cloud-platform"]
[debug] [2024-08-20T16:45:43.604Z] > authorizing via signed-in user (emmanuelapabiekun@gmail.com)
[debug] [2024-08-20T16:45:53.566Z] java version "21" 2023-09-19 LTS

[debug] [2024-08-20T16:45:53.567Z] Java(TM) SE Runtime Environment (build 21+35-LTS-2513)
Java HotSpot(TM) 64-Bit Server VM (build 21+35-LTS-2513, mixed mode, sharing)

[debug] [2024-08-20T16:45:53.627Z] Parsed Java major version: 21
[info] i  emulators: Starting emulators: auth, firestore {"metadata":{"emulator":{"name":"hub"},"message":"Starting emulators: auth, firestore"}}
[debug] [2024-08-20T16:45:53.666Z] [logging] Logging Emulator only supports listening on one address (127.0.0.1). Not listening on ::1
[debug] [2024-08-20T16:45:53.667Z] [auth] Authentication Emulator only supports listening on one address (127.0.0.1). Not listening on ::1
[debug] [2024-08-20T16:45:53.668Z] [firestore] Firestore Emulator only supports listening on one address (127.0.0.1). Not listening on ::1
[debug] [2024-08-20T16:45:53.669Z] [firestore.websocket] websocket server for firestore only supports listening on one address (127.0.0.1). Not listening on ::1
[debug] [2024-08-20T16:45:53.670Z] assigned listening specs for emulators {"user":{"hub":[{"address":"127.0.0.1","family":"IPv4","port":4400},{"address":"::1","family":"IPv6","port":4400}],"ui":[{"address":"127.0.0.1","family":"IPv4","port":4000},{"address":"::1","family":"IPv6","port":4000}],"logging":[{"address":"127.0.0.1","family":"IPv4","port":4500}],"auth":[{"address":"127.0.0.1","family":"IPv4","port":9099}],"firestore":[{"address":"127.0.0.1","family":"IPv4","port":8080}],"firestore.websocket":[{"address":"127.0.0.1","family":"IPv4","port":9150}]},"metadata":{"message":"assigned listening specs for emulators"}}
[debug] [2024-08-20T16:45:53.715Z] [hub] writing locator at C:\Users\1030\AppData\Local\Temp\hub-todo-api-19480.json
[warn] !  firestore: Cloud Firestore Emulator does not support multiple databases yet. {"metadata":{"emulator":{"name":"firestore"},"message":"Cloud Firestore Emulator does not support multiple databases yet."}}
[warn] !  firestore: Did not find a Cloud Firestore rules file specified in a firebase.json config file. {"metadata":{"emulator":{"name":"firestore"},"message":"Did not find a Cloud Firestore rules file specified in a firebase.json config file."}}
[warn] !  firestore: The emulator will default to allowing all reads and writes. Learn more about this option: https://firebase.google.com/docs/emulator-suite/install_and_configure#security_rules_configuration. {"metadata":{"emulator":{"name":"firestore"},"message":"The emulator will default to allowing all reads and writes. Learn more about this option: https://firebase.google.com/docs/emulator-suite/install_and_configure#security_rules_configuration."}}
[debug] [2024-08-20T16:45:53.752Z] Ignoring unsupported arg: auto_download {"metadata":{"emulator":{"name":"firestore"},"message":"Ignoring unsupported arg: auto_download"}}
[debug] [2024-08-20T16:45:53.752Z] Ignoring unsupported arg: single_project_mode_error {"metadata":{"emulator":{"name":"firestore"},"message":"Ignoring unsupported arg: single_project_mode_error"}}
[debug] [2024-08-20T16:45:53.754Z] Starting Firestore Emulator with command {"binary":"java","args":["-Dgoogle.cloud_firestore.debug_log_level=FINE","-Duser.language=en","-jar","C:\\Users\\1030\\.cache\\firebase\\emulators\\cloud-firestore-emulator-v1.18.2.jar","--host","127.0.0.1","--port",8080,"--websocket_port",9150,"--project_id","todo-api-19480","--single_project_mode",true],"optionalArgs":["port","webchannel_port","host","rules","websocket_port","functions_emulator","seed_from_export","project_id","single_project_mode"],"joinArgs":false} {"metadata":{"emulator":{"name":"firestore"},"message":"Starting Firestore Emulator with command {\"binary\":\"java\",\"args\":[\"-Dgoogle.cloud_firestore.debug_log_level=FINE\",\"-Duser.language=en\",\"-jar\",\"C:\\\\Users\\\\1030\\\\.cache\\\\firebase\\\\emulators\\\\cloud-firestore-emulator-v1.18.2.jar\",\"--host\",\"127.0.0.1\",\"--port\",8080,\"--websocket_port\",9150,\"--project_id\",\"todo-api-19480\",\"--single_project_mode\",true],\"optionalArgs\":[\"port\",\"webchannel_port\",\"host\",\"rules\",\"websocket_port\",\"functions_emulator\",\"seed_from_export\",\"project_id\",\"single_project_mode\"],\"joinArgs\":false}"}}
[info] i  firestore: Firestore Emulator logging to firestore-debug.log {"metadata":{"emulator":{"name":"firestore"},"message":"Firestore Emulator logging to \u001b[1mfirestore-debug.log\u001b[22m"}}
[info] +  firestore: Firestore Emulator UI websocket is running on 9150. {"metadata":{"emulator":{"name":"firestore"},"message":"Firestore Emulator UI websocket is running on 9150."}}
[info] i  ui: downloading ui-v1.11.7.zip... {"metadata":{"emulator":{"name":"ui"},"message":"downloading ui-v1.11.7.zip..."}}
[debug] [2024-08-20T16:46:25.708Z] >>> [apiv2][query] GET https://storage.googleapis.com/firebase-preview-drop/emulator/ui-v1.11.7.zip 
[debug] [2024-08-20T16:46:27.458Z] <<< [apiv2][status] GET https://storage.googleapis.com/firebase-preview-drop/emulator/ui-v1.11.7.zip 200
[debug] [2024-08-20T16:46:27.459Z] <<< [apiv2][body] GET https://storage.googleapis.com/firebase-preview-drop/emulator/ui-v1.11.7.zip [stream]
[debug] [2024-08-20T16:46:31.152Z] Data is 3064105
[debug] [2024-08-20T16:46:31.153Z] [unzip] Entry: client/ (compressed_size=0 bytes, uncompressed_size=0 bytes)
[debug] [2024-08-20T16:46:31.153Z] [unzip] Processing entry: client\
[debug] [2024-08-20T16:46:31.153Z] [unzip] mkdir: C:\Users\1030\.cache\firebase\emulators\ui-v1.11.7\client\
[debug] [2024-08-20T16:46:31.161Z] [unzip] Entry: client/favicon.ico (compressed_size=2497 bytes, uncompressed_size=7406 bytes)
[debug] [2024-08-20T16:46:31.161Z] [unzip] Processing entry: client\favicon.ico
[debug] [2024-08-20T16:46:31.161Z] [unzip] else mkdir: C:\Users\1030\.cache\firebase\emulators\ui-v1.11.7\client
[debug] [2024-08-20T16:46:31.162Z] [unzip] deflating: C:\Users\1030\.cache\firebase\emulators\ui-v1.11.7\client\favicon.ico
[debug] [2024-08-20T16:46:31.173Z] [unzip] Entry: client/apple-touch-icon.png (compressed_size=7231 bytes, uncompressed_size=7367 bytes)
[debug] [2024-08-20T16:46:31.173Z] [unzip] Processing entry: client\apple-touch-icon.png
[debug] [2024-08-20T16:46:31.173Z] [unzip] else mkdir: C:\Users\1030\.cache\firebase\emulators\ui-v1.11.7\client
[debug] [2024-08-20T16:46:31.174Z] [unzip] deflating: C:\Users\1030\.cache\firebase\emulators\ui-v1.11.7\client\apple-touch-icon.png
[debug] [2024-08-20T16:46:31.177Z] [unzip] Entry: client/android-chrome-512x512.png (compressed_size=16987 bytes, uncompressed_size=18186 bytes)
[debug] [2024-08-20T16:46:31.178Z] [unzip] Processing entry: client\android-chrome-512x512.png
[debug] [2024-08-20T16:46:31.178Z] [unzip] else mkdir: C:\Users\1030\.cache\firebase\emulators\ui-v1.11.7\client
[debug] [2024-08-20T16:46:31.178Z] [unzip] deflating: C:\Users\1030\.cache\firebase\emulators\ui-v1.11.7\client\android-chrome-512x512.png
[debug] [2024-08-20T16:46:31.185Z] [unzip] Entry: client/assets/ (compressed_size=0 bytes, uncompressed_size=0 bytes)
[debug] [2024-08-20T16:46:31.185Z] [unzip] Processing entry: client\assets\
[debug] [2024-08-20T16:46:31.185Z] [unzip] mkdir: C:\Users\1030\.cache\firebase\emulators\ui-v1.11.7\client\assets\
[debug] [2024-08-20T16:46:31.186Z] [unzip] Entry: client/assets/extensions/ (compressed_size=0 bytes, uncompressed_size=0 bytes)
[debug] [2024-08-20T16:46:31.186Z] [unzip] Processing entry: client\assets\extensions\
[debug] [2024-08-20T16:46:31.186Z] [unzip] mkdir: C:\Users\1030\.cache\firebase\emulators\ui-v1.11.7\client\assets\extensions\
[debug] [2024-08-20T16:46:31.187Z] [unzip] Entry: client/assets/extensions/default-extension.png (compressed_size=1646 bytes, uncompressed_size=1657 bytes)
[debug] [2024-08-20T16:46:31.187Z] [unzip] Processing entry: client\assets\extensions\default-extension.png
[debug] [2024-08-20T16:46:31.187Z] [unzip] else mkdir: C:\Users\1030\.cache\firebase\emulators\ui-v1.11.7\client\assets\extensions
[debug] [2024-08-20T16:46:31.187Z] [unzip] deflating: C:\Users\1030\.cache\firebase\emulators\ui-v1.11.7\client\assets\extensions\default-extension.png
[debug] [2024-08-20T16:46:31.190Z] [unzip] Entry: client/assets/index.58ca09f7.css (compressed_size=37601 bytes, uncompressed_size=321252 bytes)
[debug] [2024-08-20T16:46:31.191Z] [unzip] Processing entry: client\assets\index.58ca09f7.css
[debug] [2024-08-20T16:46:31.191Z] [unzip] else mkdir: C:\Users\1030\.cache\firebase\emulators\ui-v1.11.7\client\assets
[debug] [2024-08-20T16:46:31.191Z] [unzip] deflating: C:\Users\1030\.cache\firebase\emulators\ui-v1.11.7\client\assets\index.58ca09f7.css
[debug] [2024-08-20T16:46:31.196Z] [unzip] Entry: client/assets/index.c2583d42.js (compressed_size=526232 bytes, uncompressed_size=1860152 bytes)
[debug] [2024-08-20T16:46:31.196Z] [unzip] Processing entry: client\assets\index.c2583d42.js
[debug] [2024-08-20T16:46:31.196Z] [unzip] else mkdir: C:\Users\1030\.cache\firebase\emulators\ui-v1.11.7\client\assets
[debug] [2024-08-20T16:46:31.197Z] [unzip] deflating: C:\Users\1030\.cache\firebase\emulators\ui-v1.11.7\client\assets\index.c2583d42.js
[debug] [2024-08-20T16:46:31.226Z] [unzip] Entry: client/assets/provider-icons/ (compressed_size=0 bytes, uncompressed_size=0 bytes)
[debug] [2024-08-20T16:46:31.226Z] [unzip] Processing entry: client\assets\provider-icons\
[debug] [2024-08-20T16:46:31.227Z] [unzip] mkdir: C:\Users\1030\.cache\firebase\emulators\ui-v1.11.7\client\assets\provider-icons\
[debug] [2024-08-20T16:46:31.228Z] [unzip] Entry: client/assets/provider-icons/auth_service_oidc.svg (compressed_size=414 bytes, uncompressed_size=858 bytes)
[debug] [2024-08-20T16:46:31.228Z] [unzip] Processing entry: client\assets\provider-icons\auth_service_oidc.svg
[debug] [2024-08-20T16:46:31.228Z] [unzip] else mkdir: C:\Users\1030\.cache\firebase\emulators\ui-v1.11.7\client\assets\provider-icons
[debug] [2024-08-20T16:46:31.229Z] [unzip] deflating: C:\Users\1030\.cache\firebase\emulators\ui-v1.11.7\client\assets\provider-icons\auth_service_oidc.svg
[debug] [2024-08-20T16:46:31.234Z] [unzip] Entry: client/assets/provider-icons/auth_service_yahoo.svg (compressed_size=577 bytes, uncompressed_size=1182 bytes)
[debug] [2024-08-20T16:46:31.235Z] [unzip] Processing entry: client\assets\provider-icons\auth_service_yahoo.svg
[debug] [2024-08-20T16:46:31.235Z] [unzip] else mkdir: C:\Users\1030\.cache\firebase\emulators\ui-v1.11.7\client\assets\provider-icons
[debug] [2024-08-20T16:46:31.236Z] [unzip] deflating: C:\Users\1030\.cache\firebase\emulators\ui-v1.11.7\client\assets\provider-icons\auth_service_yahoo.svg
[debug] [2024-08-20T16:46:31.239Z] [unzip] Entry: client/assets/provider-icons/auth_service_phone.svg (compressed_size=261 bytes, uncompressed_size=414 bytes)
[debug] [2024-08-20T16:46:31.239Z] [unzip] Processing entry: client\assets\provider-icons\auth_service_phone.svg
[debug] [2024-08-20T16:46:31.239Z] [unzip] else mkdir: C:\Users\1030\.cache\firebase\emulators\ui-v1.11.7\client\assets\provider-icons
[debug] [2024-08-20T16:46:31.240Z] [unzip] deflating: C:\Users\1030\.cache\firebase\emulators\ui-v1.11.7\client\assets\provider-icons\auth_service_phone.svg
[debug] [2024-08-20T16:46:31.251Z] [unzip] Entry: client/assets/provider-icons/auth_service_saml.svg (compressed_size=575 bytes, uncompressed_size=1226 bytes)
[debug] [2024-08-20T16:46:31.252Z] [unzip] Processing entry: client\assets\provider-icons\auth_service_saml.svg
[debug] [2024-08-20T16:46:31.252Z] [unzip] else mkdir: C:\Users\1030\.cache\firebase\emulators\ui-v1.11.7\client\assets\provider-icons
[debug] [2024-08-20T16:46:31.252Z] [unzip] deflating: C:\Users\1030\.cache\firebase\emulators\ui-v1.11.7\client\assets\provider-icons\auth_service_saml.svg
[debug] [2024-08-20T16:46:31.255Z] [unzip] Entry: client/assets/provider-icons/auth_service_mslive.svg (compressed_size=203 bytes, uncompressed_size=378 bytes)
[debug] [2024-08-20T16:46:31.257Z] [unzip] Processing entry: client\assets\provider-icons\auth_service_mslive.svg
[debug] [2024-08-20T16:46:31.257Z] [unzip] else mkdir: C:\Users\1030\.cache\firebase\emulators\ui-v1.11.7\client\assets\provider-icons
[debug] [2024-08-20T16:46:31.259Z] [unzip] deflating: C:\Users\1030\.cache\firebase\emulators\ui-v1.11.7\client\assets\provider-icons\auth_service_mslive.svg
[debug] [2024-08-20T16:46:31.267Z] [unzip] Entry: client/assets/provider-icons/auth_service_facebook.svg (compressed_size=289 bytes, uncompressed_size=457 bytes)
[debug] [2024-08-20T16:46:31.267Z] [unzip] Processing entry: client\assets\provider-icons\auth_service_facebook.svg
[debug] [2024-08-20T16:46:31.268Z] [unzip] else mkdir: C:\Users\1030\.cache\firebase\emulators\ui-v1.11.7\client\assets\provider-icons
[debug] [2024-08-20T16:46:31.268Z] [unzip] deflating: C:\Users\1030\.cache\firebase\emulators\ui-v1.11.7\client\assets\provider-icons\auth_service_facebook.svg
[debug] [2024-08-20T16:46:31.271Z] [unzip] Entry: client/assets/provider-icons/auth_service_play_games.svg (compressed_size=565 bytes, uncompressed_size=1173 bytes)
[debug] [2024-08-20T16:46:31.271Z] [unzip] Processing entry: client\assets\provider-icons\auth_service_play_games.svg
[debug] [2024-08-20T16:46:31.274Z] [unzip] else mkdir: C:\Users\1030\.cache\firebase\emulators\ui-v1.11.7\client\assets\provider-icons
[debug] [2024-08-20T16:46:31.277Z] [unzip] deflating: C:\Users\1030\.cache\firebase\emulators\ui-v1.11.7\client\assets\provider-icons\auth_service_play_games.svg
[debug] [2024-08-20T16:46:31.295Z] [unzip] Entry: client/assets/provider-icons/auth_service_github.svg (compressed_size=466 bytes, uncompressed_size=838 bytes)
[debug] [2024-08-20T16:46:31.296Z] [unzip] Processing entry: client\assets\provider-icons\auth_service_github.svg
[debug] [2024-08-20T16:46:31.296Z] [unzip] else mkdir: C:\Users\1030\.cache\firebase\emulators\ui-v1.11.7\client\assets\provider-icons
[debug] [2024-08-20T16:46:31.301Z] [unzip] deflating: C:\Users\1030\.cache\firebase\emulators\ui-v1.11.7\client\assets\provider-icons\auth_service_github.svg
[debug] [2024-08-20T16:46:31.304Z] [unzip] Entry: client/assets/provider-icons/auth_service_apple.svg (compressed_size=230 bytes, uncompressed_size=334 bytes)
[debug] [2024-08-20T16:46:31.307Z] [unzip] Processing entry: client\assets\provider-icons\auth_service_apple.svg
[debug] [2024-08-20T16:46:31.308Z] [unzip] else mkdir: C:\Users\1030\.cache\firebase\emulators\ui-v1.11.7\client\assets\provider-icons
[debug] [2024-08-20T16:46:31.309Z] [unzip] deflating: C:\Users\1030\.cache\firebase\emulators\ui-v1.11.7\client\assets\provider-icons\auth_service_apple.svg
[debug] [2024-08-20T16:46:31.312Z] [unzip] Entry: client/assets/provider-icons/auth_service_google.svg (compressed_size=409 bytes, uncompressed_size=720 bytes)
[debug] [2024-08-20T16:46:31.312Z] [unzip] Processing entry: client\assets\provider-icons\auth_service_google.svg
[debug] [2024-08-20T16:46:31.313Z] [unzip] else mkdir: C:\Users\1030\.cache\firebase\emulators\ui-v1.11.7\client\assets\provider-icons
[debug] [2024-08-20T16:46:31.315Z] [unzip] deflating: C:\Users\1030\.cache\firebase\emulators\ui-v1.11.7\client\assets\provider-icons\auth_service_google.svg
[debug] [2024-08-20T16:46:31.323Z] [unzip] Entry: client/assets/provider-icons/auth_service_email.svg (compressed_size=228 bytes, uncompressed_size=326 bytes)
[debug] [2024-08-20T16:46:31.324Z] [unzip] Processing entry: client\assets\provider-icons\auth_service_email.svg
[debug] [2024-08-20T16:46:31.324Z] [unzip] else mkdir: C:\Users\1030\.cache\firebase\emulators\ui-v1.11.7\client\assets\provider-icons
[debug] [2024-08-20T16:46:31.327Z] [unzip] deflating: C:\Users\1030\.cache\firebase\emulators\ui-v1.11.7\client\assets\provider-icons\auth_service_email.svg
[debug] [2024-08-20T16:46:31.344Z] [unzip] Entry: client/assets/provider-icons/auth_service_twitter.svg (compressed_size=444 bytes, uncompressed_size=751 bytes)
[debug] [2024-08-20T16:46:31.344Z] [unzip] Processing entry: client\assets\provider-icons\auth_service_twitter.svg
[debug] [2024-08-20T16:46:31.344Z] [unzip] else mkdir: C:\Users\1030\.cache\firebase\emulators\ui-v1.11.7\client\assets\provider-icons
[debug] [2024-08-20T16:46:31.352Z] [unzip] deflating: C:\Users\1030\.cache\firebase\emulators\ui-v1.11.7\client\assets\provider-icons\auth_service_twitter.svg
[debug] [2024-08-20T16:46:31.354Z] [unzip] Entry: client/assets/provider-icons/auth_service_game_center.svg (compressed_size=991 bytes, uncompressed_size=3921 bytes)
[debug] [2024-08-20T16:46:31.354Z] [unzip] Processing entry: client\assets\provider-icons\auth_service_game_center.svg
[debug] [2024-08-20T16:46:31.355Z] [unzip] else mkdir: C:\Users\1030\.cache\firebase\emulators\ui-v1.11.7\client\assets\provider-icons
[debug] [2024-08-20T16:46:31.358Z] [unzip] deflating: C:\Users\1030\.cache\firebase\emulators\ui-v1.11.7\client\assets\provider-icons\auth_service_game_center.svg
[debug] [2024-08-20T16:46:31.360Z] [unzip] Entry: client/assets/index.c2583d42.js.map (compressed_size=1778557 bytes, uncompressed_size=7961927 bytes)
[debug] [2024-08-20T16:46:31.361Z] [unzip] Processing entry: client\assets\index.c2583d42.js.map
[debug] [2024-08-20T16:46:31.361Z] [unzip] else mkdir: C:\Users\1030\.cache\firebase\emulators\ui-v1.11.7\client\assets
[debug] [2024-08-20T16:46:31.361Z] [unzip] deflating: C:\Users\1030\.cache\firebase\emulators\ui-v1.11.7\client\assets\index.c2583d42.js.map
[debug] [2024-08-20T16:46:31.506Z] [unzip] Entry: client/assets/img/ (compressed_size=0 bytes, uncompressed_size=0 bytes)
[debug] [2024-08-20T16:46:31.507Z] [unzip] Processing entry: client\assets\img\
[debug] [2024-08-20T16:46:31.507Z] [unzip] mkdir: C:\Users\1030\.cache\firebase\emulators\ui-v1.11.7\client\assets\img\
[debug] [2024-08-20T16:46:31.508Z] [unzip] Entry: client/assets/img/database.png (compressed_size=29449 bytes, uncompressed_size=29988 bytes)
[debug] [2024-08-20T16:46:31.508Z] [unzip] Processing entry: client\assets\img\database.png
[debug] [2024-08-20T16:46:31.509Z] [unzip] else mkdir: C:\Users\1030\.cache\firebase\emulators\ui-v1.11.7\client\assets\img
[debug] [2024-08-20T16:46:31.509Z] [unzip] deflating: C:\Users\1030\.cache\firebase\emulators\ui-v1.11.7\client\assets\img\database.png
[debug] [2024-08-20T16:46:31.512Z] [unzip] Entry: client/safari-pinned-tab.svg (compressed_size=838 bytes, uncompressed_size=1504 bytes)
[debug] [2024-08-20T16:46:31.512Z] [unzip] Processing entry: client\safari-pinned-tab.svg
[debug] [2024-08-20T16:46:31.512Z] [unzip] else mkdir: C:\Users\1030\.cache\firebase\emulators\ui-v1.11.7\client
[debug] [2024-08-20T16:46:31.513Z] [unzip] deflating: C:\Users\1030\.cache\firebase\emulators\ui-v1.11.7\client\safari-pinned-tab.svg
[debug] [2024-08-20T16:46:31.517Z] [unzip] Entry: client/mstile-150x150.png (compressed_size=5406 bytes, uncompressed_size=5723 bytes)
[debug] [2024-08-20T16:46:31.517Z] [unzip] Processing entry: client\mstile-150x150.png
[debug] [2024-08-20T16:46:31.517Z] [unzip] else mkdir: C:\Users\1030\.cache\firebase\emulators\ui-v1.11.7\client
[debug] [2024-08-20T16:46:31.519Z] [unzip] deflating: C:\Users\1030\.cache\firebase\emulators\ui-v1.11.7\client\mstile-150x150.png
[debug] [2024-08-20T16:46:31.523Z] [unzip] Entry: client/browserconfig.xml (compressed_size=491 bytes, uncompressed_size=822 bytes)
[debug] [2024-08-20T16:46:31.523Z] [unzip] Processing entry: client\browserconfig.xml
[debug] [2024-08-20T16:46:31.523Z] [unzip] else mkdir: C:\Users\1030\.cache\firebase\emulators\ui-v1.11.7\client
[debug] [2024-08-20T16:46:31.524Z] [unzip] deflating: C:\Users\1030\.cache\firebase\emulators\ui-v1.11.7\client\browserconfig.xml
[debug] [2024-08-20T16:46:31.527Z] [unzip] Entry: client/robots.txt (compressed_size=26 bytes, uncompressed_size=26 bytes)
[debug] [2024-08-20T16:46:31.528Z] [unzip] Processing entry: client\robots.txt
[debug] [2024-08-20T16:46:31.528Z] [unzip] else mkdir: C:\Users\1030\.cache\firebase\emulators\ui-v1.11.7\client
[debug] [2024-08-20T16:46:31.528Z] [unzip] Writing file: C:\Users\1030\.cache\firebase\emulators\ui-v1.11.7\client\robots.txt
[debug] [2024-08-20T16:46:31.532Z] [unzip] Entry: client/index.html (compressed_size=1363 bytes, uncompressed_size=3064 bytes)
[debug] [2024-08-20T16:46:31.532Z] [unzip] Processing entry: client\index.html
[debug] [2024-08-20T16:46:31.533Z] [unzip] else mkdir: C:\Users\1030\.cache\firebase\emulators\ui-v1.11.7\client
[debug] [2024-08-20T16:46:31.533Z] [unzip] deflating: C:\Users\1030\.cache\firebase\emulators\ui-v1.11.7\client\index.html
[debug] [2024-08-20T16:46:31.543Z] [unzip] Entry: client/favicon-16x16.png (compressed_size=757 bytes, uncompressed_size=777 bytes)
[debug] [2024-08-20T16:46:31.543Z] [unzip] Processing entry: client\favicon-16x16.png
[debug] [2024-08-20T16:46:31.544Z] [unzip] else mkdir: C:\Users\1030\.cache\firebase\emulators\ui-v1.11.7\client
[debug] [2024-08-20T16:46:31.544Z] [unzip] deflating: C:\Users\1030\.cache\firebase\emulators\ui-v1.11.7\client\favicon-16x16.png
[debug] [2024-08-20T16:46:31.550Z] [unzip] Entry: client/manifest.json (compressed_size=246 bytes, uncompressed_size=551 bytes)
[debug] [2024-08-20T16:46:31.550Z] [unzip] Processing entry: client\manifest.json
[debug] [2024-08-20T16:46:31.551Z] [unzip] else mkdir: C:\Users\1030\.cache\firebase\emulators\ui-v1.11.7\client
[debug] [2024-08-20T16:46:31.551Z] [unzip] deflating: C:\Users\1030\.cache\firebase\emulators\ui-v1.11.7\client\manifest.json
[debug] [2024-08-20T16:46:31.554Z] [unzip] Entry: client/favicon-32x32.png (compressed_size=1175 bytes, uncompressed_size=1175 bytes)
[debug] [2024-08-20T16:46:31.554Z] [unzip] Processing entry: client\favicon-32x32.png
[debug] [2024-08-20T16:46:31.554Z] [unzip] else mkdir: C:\Users\1030\.cache\firebase\emulators\ui-v1.11.7\client
[debug] [2024-08-20T16:46:31.555Z] [unzip] Writing file: C:\Users\1030\.cache\firebase\emulators\ui-v1.11.7\client\favicon-32x32.png
[debug] [2024-08-20T16:46:31.558Z] [unzip] Entry: client/android-chrome-192x192.png (compressed_size=7602 bytes, uncompressed_size=7834 bytes)
[debug] [2024-08-20T16:46:31.558Z] [unzip] Processing entry: client\android-chrome-192x192.png
[debug] [2024-08-20T16:46:31.558Z] [unzip] else mkdir: C:\Users\1030\.cache\firebase\emulators\ui-v1.11.7\client
[debug] [2024-08-20T16:46:31.559Z] [unzip] deflating: C:\Users\1030\.cache\firebase\emulators\ui-v1.11.7\client\android-chrome-192x192.png
[debug] [2024-08-20T16:46:31.561Z] [unzip] Entry: server/ (compressed_size=0 bytes, uncompressed_size=0 bytes)
[debug] [2024-08-20T16:46:31.562Z] [unzip] Processing entry: server\
[debug] [2024-08-20T16:46:31.562Z] [unzip] mkdir: C:\Users\1030\.cache\firebase\emulators\ui-v1.11.7\server\
[debug] [2024-08-20T16:46:31.563Z] [unzip] Entry: server/server.js (compressed_size=343746 bytes, uncompressed_size=1346374 bytes)
[debug] [2024-08-20T16:46:31.563Z] [unzip] Processing entry: server\server.js
[debug] [2024-08-20T16:46:31.563Z] [unzip] else mkdir: C:\Users\1030\.cache\firebase\emulators\ui-v1.11.7\server
[debug] [2024-08-20T16:46:31.565Z] [unzip] deflating: C:\Users\1030\.cache\firebase\emulators\ui-v1.11.7\server\server.js
[debug] [2024-08-20T16:46:31.595Z] [unzip] Entry: server/server.js.map (compressed_size=289157 bytes, uncompressed_size=1325651 bytes)
[debug] [2024-08-20T16:46:31.595Z] [unzip] Processing entry: server\server.js.map
[debug] [2024-08-20T16:46:31.595Z] [unzip] else mkdir: C:\Users\1030\.cache\firebase\emulators\ui-v1.11.7\server
[debug] [2024-08-20T16:46:31.596Z] [unzip] deflating: C:\Users\1030\.cache\firebase\emulators\ui-v1.11.7\server\server.js.map
[debug] [2024-08-20T16:46:31.768Z] Ignoring unsupported arg: auto_download {"metadata":{"emulator":{"name":"ui"},"message":"Ignoring unsupported arg: auto_download"}}
[debug] [2024-08-20T16:46:31.769Z] Ignoring unsupported arg: port {"metadata":{"emulator":{"name":"ui"},"message":"Ignoring unsupported arg: port"}}
[debug] [2024-08-20T16:46:31.769Z] Starting Emulator UI with command {"binary":"node","args":["C:\\Users\\1030\\.cache\\firebase\\emulators\\ui-v1.11.7\\server\\server.js"],"optionalArgs":[],"joinArgs":false} {"metadata":{"emulator":{"name":"ui"},"message":"Starting Emulator UI with command {\"binary\":\"node\",\"args\":[\"C:\\\\Users\\\\1030\\\\.cache\\\\firebase\\\\emulators\\\\ui-v1.11.7\\\\server\\\\server.js\"],\"optionalArgs\":[],\"joinArgs\":false}"}}
[info] i  ui: Emulator UI logging to ui-debug.log {"metadata":{"emulator":{"name":"ui"},"message":"Emulator UI logging to \u001b[1mui-debug.log\u001b[22m"}}
[debug] [2024-08-20T16:46:32.208Z] Web / API server started at 127.0.0.1:4000
 {"metadata":{"emulator":{"name":"ui"},"message":"Web / API server started at 127.0.0.1:4000\n"}}
[debug] [2024-08-20T16:46:32.209Z] Web / API server started at ::1:4000
 {"metadata":{"emulator":{"name":"ui"},"message":"Web / API server started at ::1:4000\n"}}
[info] 
┌─────────────────────────────────────────────────────────────┐
│ ✔  All emulators ready! It is now safe to connect your app. │
│ i  View Emulator UI at http://127.0.0.1:4000/               │
└─────────────────────────────────────────────────────────────┘

┌────────────────┬────────────────┬─────────────────────────────────┐
│ Emulator       │ Host:Port      │ View in Emulator UI             │
├────────────────┼────────────────┼─────────────────────────────────┤
│ Authentication │ 127.0.0.1:9099 │ http://127.0.0.1:4000/auth      │
├────────────────┼────────────────┼─────────────────────────────────┤
│ Firestore      │ 127.0.0.1:8080 │ http://127.0.0.1:4000/firestore │
└────────────────┴────────────────┴─────────────────────────────────┘
  Emulator Hub running at 127.0.0.1:4400
  Other reserved ports: 4500, 9150

Issues? Report them at https://github.com/firebase/firebase-tools/issues and attach the *-debug.log files.
 
